<?xml version="1.0" encoding="UTF-8"?>
<testsuite xmlns:xsi="http://www.w3.org/2001/XMLSchema-instance" xsi:noNamespaceSchemaLocation="https://maven.apache.org/surefire/maven-surefire-plugin/xsd/surefire-test-report-3.0.xsd" version="3.0" name="uk.gov.companieshouse.accounts.user.controller.FindRolesBasedOnUserIDControllerTest" time="0.17" tests="5" errors="0" skipped="0" failures="5">
  <properties>
[...]
</properties>
  <testcase name="getUserRolesWithMalformedUserIDReturnsEmptyList" classname="uk.gov.companieshouse.accounts.user.controller.FindRolesBasedOnUserIDControllerTest" time="0.015">
    <failure message="Status expected:&lt;404&gt; but was:&lt;204&gt;" type="java.lang.AssertionError"><![CDATA[java.lang.AssertionError: Status expected:<404> but was:<204>
	at org.springframework.test.util.AssertionErrors.fail(AssertionErrors.java:59)
	at org.springframework.test.util.AssertionErrors.assertEquals(AssertionErrors.java:122)
	at org.springframework.test.web.servlet.result.StatusResultMatchers.lambda$matcher$9(StatusResultMatchers.java:637)
	at org.springframework.test.web.servlet.MockMvc$1.andExpect(MockMvc.java:214)
	at uk.gov.companieshouse.accounts.user.controller.FindRolesBasedOnUserIDControllerTest.getUserRolesWithMalformedUserIDReturnsEmptyList(FindRolesBasedOnUserIDControllerTest.java:83)
	at java.base/java.lang.reflect.Method.invoke(Method.java:580)
	at java.base/java.util.ArrayList.forEach(ArrayList.java:1596)
	at java.base/java.util.ArrayList.forEach(ArrayList.java:1596)
]]></failure>
    <system-out><![CDATA[
{"data":{"message":"Could not detect default configuration classes for test class [uk.gov.companieshouse.accounts.user.controller.FindRolesBasedOnUserIDControllerTest]: FindRolesBasedOnUserIDControllerTest does not declare any static, non-private, non-final, nested classes annotated with @Configuration."},"created":"2024-02-07T12:11:16.340Z","event":"info"}
{"data":{"message":"Found @SpringBootConfiguration uk.gov.companieshouse.accounts.user.AccountsUserServiceApplication for test class uk.gov.companieshouse.accounts.user.controller.FindRolesBasedOnUserIDControllerTest"},"created":"2024-02-07T12:11:16.344Z","event":"info"}
  .   ____          _            __ _ _
 /\\ / ___'_ __ _ _(_)_ __  __ _ \ \ \ \
( ( )\___ | '_ | '_| | '_ \/ _` | \ \ \ \
 \\/  ___)| |_)| | | | | || (_| |  ) ) ) )
  '  |____| .__|_| |_|_| |_\__, | / / / /
 =========|_|==============|___/=/_/_/_/
 :: Spring Boot ::                (v3.2.2)


{"data":{"message":"Starting FindRolesBasedOnUserIDControllerTest using Java 21.0.1 with PID 8452 (started by suvarnathekkoot in /Users/suvarnathekkoot/Repo/accounts-user-api)"},"created":"2024-02-07T12:11:16.355Z","event":"info"}
{"data":{"message":"Running with Spring Boot v3.2.2, Spring v6.1.3"},"created":"2024-02-07T12:11:16.355Z","event":"debug"}
{"data":{"message":"No active profile set, falling back to 1 default profile: \"default\""},"created":"2024-02-07T12:11:16.355Z","event":"info"}
{"data":{"message":"Autowired annotation is not supported on static fields: public static java.lang.String uk.gov.companieshouse.accounts.user.AccountsUserServiceApplication.applicationNameSpace"},"created":"2024-02-07T12:11:16.405Z","event":"info"}
{"data":{"message":"Initializing Spring TestDispatcherServlet ''"},"created":"2024-02-07T12:11:16.465Z","event":"info"}
{"data":{"message":"Initializing Servlet ''"},"created":"2024-02-07T12:11:16.465Z","event":"info"}
{"data":{"message":"Completed initialization in 0 ms"},"created":"2024-02-07T12:11:16.465Z","event":"info"}
{"data":{"message":"Started FindRolesBasedOnUserIDControllerTest in 0.121 seconds (process running for 15.34)"},"created":"2024-02-07T12:11:16.468Z","event":"info"}
{"created":"2024-02-07T12:11:16.477Z","event":"debug","data":{"message":"theId: Retrieving user roles for user (abc) ..."}}
{"created":"2024-02-07T12:11:16.477Z","event":"debug","data":{"message":"theId: Unable to find roles for the userId: abc"}}
MockHttpServletRequest:
      HTTP Method = GET
      Request URI = /users/abc/roles
       Parameters = {}
          Headers = [X-Request-Id:"theId"]
             Body = null
    Session Attrs = {}

Handler:
             Type = uk.gov.companieshouse.accounts.user.controller.FindRolesBasedOnUserIDController
           Method = uk.gov.companieshouse.accounts.user.controller.FindRolesBasedOnUserIDController#getUserRoles(String, String)

Async:
    Async started = false
     Async result = null

Resolved Exception:
             Type = null

ModelAndView:
        View name = null
             View = null
            Model = null

FlashMap:
       Attributes = null

MockHttpServletResponse:
           Status = 204
    Error message = null
          Headers = [Content-Type:"application/json"]
     Content type = application/json
             Body = []
    Forwarded URL = null
   Redirected URL = null
          Cookies = []
]]></system-out>
  </testcase>
  <testcase name="getUserRolesWithNonexistentUserIDReturnsNotFound" classname="uk.gov.companieshouse.accounts.user.controller.FindRolesBasedOnUserIDControllerTest" time="0.003">
    <failure message="Status expected:&lt;404&gt; but was:&lt;204&gt;" type="java.lang.AssertionError"><![CDATA[java.lang.AssertionError: Status expected:<404> but was:<204>
	at org.springframework.test.util.AssertionErrors.fail(AssertionErrors.java:59)
	at org.springframework.test.util.AssertionErrors.assertEquals(AssertionErrors.java:122)
	at org.springframework.test.web.servlet.result.StatusResultMatchers.lambda$matcher$9(StatusResultMatchers.java:637)
	at org.springframework.test.web.servlet.MockMvc$1.andExpect(MockMvc.java:214)
	at uk.gov.companieshouse.accounts.user.controller.FindRolesBasedOnUserIDControllerTest.getUserRolesWithNonexistentUserIDReturnsNotFound(FindRolesBasedOnUserIDControllerTest.java:88)
	at java.base/java.lang.reflect.Method.invoke(Method.java:580)
	at java.base/java.util.ArrayList.forEach(ArrayList.java:1596)
	at java.base/java.util.ArrayList.forEach(ArrayList.java:1596)
]]></failure>
    <system-out><![CDATA[
{"created":"2024-02-07T12:11:16.486Z","event":"debug","data":{"message":"theId: Retrieving user roles for user (111111) ..."}}
{"created":"2024-02-07T12:11:16.486Z","event":"debug","data":{"message":"theId: Unable to find roles for the userId: 111111"}}
MockHttpServletRequest:
      HTTP Method = GET
      Request URI = /users/111111/roles
       Parameters = {}
          Headers = [X-Request-Id:"theId"]
             Body = null
    Session Attrs = {}

Handler:
             Type = uk.gov.companieshouse.accounts.user.controller.FindRolesBasedOnUserIDController
           Method = uk.gov.companieshouse.accounts.user.controller.FindRolesBasedOnUserIDController#getUserRoles(String, String)

Async:
    Async started = false
     Async result = null

Resolved Exception:
             Type = null

ModelAndView:
        View name = null
             View = null
            Model = null

FlashMap:
       Attributes = null

MockHttpServletResponse:
           Status = 204
    Error message = null
          Headers = [Content-Type:"application/json"]
     Content type = application/json
             Body = []
    Forwarded URL = null
   Redirected URL = null
          Cookies = []
]]></system-out>
  </testcase>
  <testcase name="getUserRolesWithOneUserIdReturnsMultipleRoles" classname="uk.gov.companieshouse.accounts.user.controller.FindRolesBasedOnUserIDControllerTest" time="0.004">
    <failure message="Status expected:&lt;200&gt; but was:&lt;204&gt;" type="java.lang.AssertionError"><![CDATA[java.lang.AssertionError: Status expected:<200> but was:<204>
	at org.springframework.test.util.AssertionErrors.fail(AssertionErrors.java:59)
	at org.springframework.test.util.AssertionErrors.assertEquals(AssertionErrors.java:122)
	at org.springframework.test.web.servlet.result.StatusResultMatchers.lambda$matcher$9(StatusResultMatchers.java:637)
	at org.springframework.test.web.servlet.MockMvc$1.andExpect(MockMvc.java:214)
	at uk.gov.companieshouse.accounts.user.controller.FindRolesBasedOnUserIDControllerTest.getUserRolesWithOneUserIdReturnsMultipleRoles(FindRolesBasedOnUserIDControllerTest.java:117)
	at java.base/java.lang.reflect.Method.invoke(Method.java:580)
	at java.base/java.util.ArrayList.forEach(ArrayList.java:1596)
	at java.base/java.util.ArrayList.forEach(ArrayList.java:1596)
]]></failure>
    <system-out><![CDATA[
{"created":"2024-02-07T12:11:16.490Z","event":"debug","data":{"message":"theId: Retrieving user roles for user (111) ..."}}
{"created":"2024-02-07T12:11:16.491Z","event":"debug","data":{"message":"theId: Unable to find roles for the userId: 111"}}
MockHttpServletRequest:
      HTTP Method = GET
      Request URI = /users/111/roles
       Parameters = {}
          Headers = [X-Request-Id:"theId"]
             Body = null
    Session Attrs = {}

Handler:
             Type = uk.gov.companieshouse.accounts.user.controller.FindRolesBasedOnUserIDController
           Method = uk.gov.companieshouse.accounts.user.controller.FindRolesBasedOnUserIDController#getUserRoles(String, String)

Async:
    Async started = false
     Async result = null

Resolved Exception:
             Type = null

ModelAndView:
        View name = null
             View = null
            Model = null

FlashMap:
       Attributes = null

MockHttpServletResponse:
           Status = 204
    Error message = null
          Headers = [Content-Type:"application/json"]
     Content type = application/json
             Body = []
    Forwarded URL = null
   Redirected URL = null
          Cookies = []
]]></system-out>
  </testcase>
  <testcase name="getUserRolesWithMissingParamsReturnsNotFound" classname="uk.gov.companieshouse.accounts.user.controller.FindRolesBasedOnUserIDControllerTest" time="0.003">
    <failure message="Status expected:&lt;404&gt; but was:&lt;204&gt;" type="java.lang.AssertionError"><![CDATA[java.lang.AssertionError: Status expected:<404> but was:<204>
	at org.springframework.test.util.AssertionErrors.fail(AssertionErrors.java:59)
	at org.springframework.test.util.AssertionErrors.assertEquals(AssertionErrors.java:122)
	at org.springframework.test.web.servlet.result.StatusResultMatchers.lambda$matcher$9(StatusResultMatchers.java:637)
	at org.springframework.test.web.servlet.MockMvc$1.andExpect(MockMvc.java:214)
	at uk.gov.companieshouse.accounts.user.controller.FindRolesBasedOnUserIDControllerTest.getUserRolesWithMissingParamsReturnsNotFound(FindRolesBasedOnUserIDControllerTest.java:74)
	at java.base/java.lang.reflect.Method.invoke(Method.java:580)
	at java.base/java.util.ArrayList.forEach(ArrayList.java:1596)
	at java.base/java.util.ArrayList.forEach(ArrayList.java:1596)
]]></failure>
    <system-out><![CDATA[
{"created":"2024-02-07T12:11:16.494Z","event":"debug","data":{"message":"theId: Retrieving user roles for user (333) ..."}}
{"created":"2024-02-07T12:11:16.495Z","event":"debug","data":{"message":"theId: Unable to find roles for the userId: 333"}}
MockHttpServletRequest:
      HTTP Method = GET
      Request URI = /users/333/roles
       Parameters = {}
          Headers = [X-Request-Id:"theId"]
             Body = null
    Session Attrs = {}

Handler:
             Type = uk.gov.companieshouse.accounts.user.controller.FindRolesBasedOnUserIDController
           Method = uk.gov.companieshouse.accounts.user.controller.FindRolesBasedOnUserIDController#getUserRoles(String, String)

Async:
    Async started = false
     Async result = null

Resolved Exception:
             Type = null

ModelAndView:
        View name = null
             View = null
            Model = null

FlashMap:
       Attributes = null

MockHttpServletResponse:
           Status = 204
    Error message = null
          Headers = [Content-Type:"application/json"]
     Content type = application/json
             Body = []
    Forwarded URL = null
   Redirected URL = null
          Cookies = []
]]></system-out>
  </testcase>
  <testcase name="getUserRolesWithOneUserIdReturnsOneRole" classname="uk.gov.companieshouse.accounts.user.controller.FindRolesBasedOnUserIDControllerTest" time="0.012">
    <failure message="Status expected:&lt;200&gt; but was:&lt;500&gt;" type="java.lang.AssertionError"><![CDATA[java.lang.AssertionError: Status expected:<200> but was:<500>
	at org.springframework.test.util.AssertionErrors.fail(AssertionErrors.java:59)
	at org.springframework.test.util.AssertionErrors.assertEquals(AssertionErrors.java:122)
	at org.springframework.test.web.servlet.result.StatusResultMatchers.lambda$matcher$9(StatusResultMatchers.java:637)
	at org.springframework.test.web.servlet.MockMvc$1.andExpect(MockMvc.java:214)
	at uk.gov.companieshouse.accounts.user.controller.FindRolesBasedOnUserIDControllerTest.getUserRolesWithOneUserIdReturnsOneRole(FindRolesBasedOnUserIDControllerTest.java:98)
	at java.base/java.lang.reflect.Method.invoke(Method.java:580)
	at java.base/java.util.ArrayList.forEach(ArrayList.java:1596)
	at java.base/java.util.ArrayList.forEach(ArrayList.java:1596)
]]></failure>
    <system-out><![CDATA[
{"created":"2024-02-07T12:11:16.499Z","event":"debug","data":{"message":"theId: Retrieving user roles for user (111) ..."}}
{"created":"2024-02-07T12:11:16.499Z","event":"debug","data":{"message":"theId: Successfully retrieved roles for the userId: 111"}}
MockHttpServletRequest:
      HTTP Method = GET
      Request URI = /users/111/roles
       Parameters = {}
          Headers = [X-Request-Id:"theId"]
             Body = null
    Session Attrs = {}

Handler:
             Type = uk.gov.companieshouse.accounts.user.controller.FindRolesBasedOnUserIDController
           Method = uk.gov.companieshouse.accounts.user.controller.FindRolesBasedOnUserIDController#getUserRoles(String, String)

Async:
    Async started = false
     Async result = null

Resolved Exception:
             Type = org.springframework.http.converter.HttpMessageNotWritableException

ModelAndView:
        View name = null
             View = null
            Model = null

FlashMap:
       Attributes = null

MockHttpServletResponse:
           Status = 500
    Error message = null
          Headers = [Content-Type:"application/json"]
     Content type = application/json
             Body = {"type":"about:blank","title":"Internal Server Error","status":500,"detail":"Failed to write request","instance":"/users/111/roles"}
    Forwarded URL = null
   Redirected URL = null
          Cookies = []
]]></system-out>
  </testcase>
</testsuite>