<?xml version="1.0" encoding="UTF-8"?>
<testsuite xmlns:xsi="http://www.w3.org/2001/XMLSchema-instance" xsi:noNamespaceSchemaLocation="https://maven.apache.org/surefire/maven-surefire-plugin/xsd/surefire-test-report-3.0.xsd" version="3.0" name="uk.gov.companieshouse.accounts.user.controller.ControllerAdviceTest" time="0.724" tests="4" errors="0" skipped="0" failures="0">
  <properties>
[...]
</properties>
  <testcase name="testOnInternalServerError" classname="uk.gov.companieshouse.accounts.user.controller.ControllerAdviceTest" time="0.159">
    <system-out><![CDATA[
{"data":{"message":"Could not detect default configuration classes for test class [uk.gov.companieshouse.accounts.user.controller.ControllerAdviceTest]: ControllerAdviceTest does not declare any static, non-private, non-final, nested classes annotated with @Configuration."},"created":"2024-02-07T12:11:15.539Z","event":"info"}
{"data":{"message":"Found @SpringBootConfiguration uk.gov.companieshouse.accounts.user.AccountsUserServiceApplication for test class uk.gov.companieshouse.accounts.user.controller.ControllerAdviceTest"},"created":"2024-02-07T12:11:15.554Z","event":"info"}
  .   ____          _            __ _ _
 /\\ / ___'_ __ _ _(_)_ __  __ _ \ \ \ \
( ( )\___ | '_ | '_| | '_ \/ _` | \ \ \ \
 \\/  ___)| |_)| | | | | || (_| |  ) ) ) )
  '  |____| .__|_| |_|_| |_\__, | / / / /
 =========|_|==============|___/=/_/_/_/
 :: Spring Boot ::                (v3.2.2)


{"data":{"message":"Starting ControllerAdviceTest using Java 21.0.1 with PID 8452 (started by suvarnathekkoot in /Users/suvarnathekkoot/Repo/accounts-user-api)"},"created":"2024-02-07T12:11:15.570Z","event":"info"}
{"data":{"message":"Running with Spring Boot v3.2.2, Spring v6.1.3"},"created":"2024-02-07T12:11:15.570Z","event":"debug"}
{"data":{"message":"No active profile set, falling back to 1 default profile: \"default\""},"created":"2024-02-07T12:11:15.570Z","event":"info"}
{"data":{"message":"Autowired annotation is not supported on static fields: public static java.lang.String uk.gov.companieshouse.accounts.user.AccountsUserServiceApplication.applicationNameSpace"},"created":"2024-02-07T12:11:15.654Z","event":"info"}
{"data":{"message":"Initializing Spring TestDispatcherServlet ''"},"created":"2024-02-07T12:11:16.021Z","event":"info"}
{"data":{"message":"Initializing Servlet ''"},"created":"2024-02-07T12:11:16.021Z","event":"info"}
{"data":{"message":"Completed initialization in 0 ms"},"created":"2024-02-07T12:11:16.022Z","event":"info"}
{"data":{"message":"Started ControllerAdviceTest in 0.474 seconds (process running for 14.905)"},"created":"2024-02-07T12:11:16.033Z","event":"info"}
{"created":"2024-02-07T12:11:16.178Z","event":"debug","data":{"message":"theId: Attempting to search for the details of these users: jessica.simpson@hollywood.com"}}
{"created":"2024-02-07T12:11:16.187Z","event":"error","context":"theId","data":{"message":"http://localhost/users/search?user_email=jessica.simpson@hollywood.com. 500 Internal Server Error","error":"org.springframework.web.client.HttpServerErrorException: 500 Internal Server Error","stack_trace":"org.springframework.web.client.HttpServerErrorException: 500 Internal Server Error\nuk.gov.companieshouse.accounts.user.service.UsersService.fetchUsers(UsersService.java:23)\nuk.gov.companieshouse.accounts.user.controller.FindUserBasedOnEmailController.searchUserDetails(FindUserBasedOnEmailController.java:39)\njava.base/jdk.internal.reflect.DirectMethodHandleAccessor.invoke(DirectMethodHandleAccessor.java:103)\njava.base/java.lang.reflect.Method.invoke(Method.java:580)\norg.springframework.aop.support.AopUtils.invokeJoinpointUsingReflection(AopUtils.java:351)\norg.springframework.aop.framework.ReflectiveMethodInvocation.invokeJoinpoint(ReflectiveMethodInvocation.java:196)\norg.springframework.aop.framework.ReflectiveMethodInvocation.proceed(ReflectiveMethodInvocation.java:163)\norg.springframework.aop.framework.CglibAopProxy$CglibMethodInvocation.proceed(CglibAopProxy.java:765)\norg.springframework.validation.beanvalidation.MethodValidationInterceptor.invoke(MethodValidationInterceptor.java:174)\norg.springframework.aop.framework.ReflectiveMethodInvocation.proceed(ReflectiveMethodInvocation.java:184)\norg.springframework.aop.framework.CglibAopProxy$CglibMethodInvocation.proceed(CglibAopProxy.java:765)\norg.springframework.aop.framework.CglibAopProxy$DynamicAdvisedInterceptor.intercept(CglibAopProxy.java:717)\nuk.gov.companieshouse.accounts.user.controller.FindUserBasedOnEmailController$$SpringCGLIB$$0.searchUserDetails(<generated>)\njava.base/jdk.internal.reflect.DirectMethodHandleAccessor.invoke(DirectMethodHandleAccessor.java:103)\njava.base/java.lang.reflect.Method.invoke(Method.java:580)\norg.springframework.web.method.support.InvocableHandlerMethod.doInvoke(InvocableHandlerMethod.java:261)\norg.springframework.web.method.support.InvocableHandlerMethod.invokeForRequest(InvocableHandlerMethod.java:189)\norg.springframework.web.servlet.mvc.method.annotation.ServletInvocableHandlerMethod.invokeAndHandle(ServletInvocableHandlerMethod.java:118)\norg.springframework.web.servlet.mvc.method.annotation.RequestMappingHandlerAdapter.invokeHandlerMethod(RequestMappingHandlerAdapter.java:917)\norg.springframework.web.servlet.mvc.method.annotation.RequestMappingHandlerAdapter.handleInternal(RequestMappingHandlerAdapter.java:829)\norg.springframework.web.servlet.mvc.method.AbstractHandlerMethodAdapter.handle(AbstractHandlerMethodAdapter.java:87)\norg.springframework.web.servlet.DispatcherServlet.doDispatch(DispatcherServlet.java:1089)\norg.springframework.web.servlet.DispatcherServlet.doService(DispatcherServlet.java:979)\norg.springframework.web.servlet.FrameworkServlet.processRequest(FrameworkServlet.java:1014)\norg.springframework.web.servlet.FrameworkServlet.doGet(FrameworkServlet.java:903)\njakarta.servlet.http.HttpServlet.service(HttpServlet.java:564)\norg.springframework.web.servlet.FrameworkServlet.service(FrameworkServlet.java:885)\norg.springframework.test.web.servlet.TestDispatcherServlet.service(TestDispatcherServlet.java:72)\njakarta.servlet.http.HttpServlet.service(HttpServlet.java:658)\norg.springframework.mock.web.MockFilterChain$ServletFilterProxy.doFilter(MockFilterChain.java:165)\norg.springframework.mock.web.MockFilterChain.doFilter(MockFilterChain.java:132)\norg.springframework.web.filter.RequestContextFilter.doFilterInternal(RequestContextFilter.java:100)\norg.springframework.web.filter.OncePerRequestFilter.doFilter(OncePerRequestFilter.java:116)\norg.springframework.test.web.servlet.setup.MockMvcFilterDecorator.doFilter(MockMvcFilterDecorator.java:151)\norg.springframework.mock.web.MockFilterChain.doFilter(MockFilterChain.java:132)\norg.springframework.web.filter.FormContentFilter.doFilterInternal(FormContentFilter.java:93)\norg.springframework.web.filter.OncePerRequestFilter.doFilter(OncePerRequestFilter.java:116)\norg.springframework.test.web.servlet.setup.MockMvcFilterDecorator.doFilter(MockMvcFilterDecorator.java:151)\norg.springframework.mock.web.MockFilterChain.doFilter(MockFilterChain.java:132)\norg.springframework.web.filter.CharacterEncodingFilter.doFilterInternal(CharacterEncodingFilter.java:201)\norg.springframework.web.filter.OncePerRequestFilter.doFilter(OncePerRequestFilter.java:116)\norg.springframework.test.web.servlet.setup.MockMvcFilterDecorator.doFilter(MockMvcFilterDecorator.java:151)\norg.springframework.mock.web.MockFilterChain.doFilter(MockFilterChain.java:132)\norg.springframework.test.web.servlet.MockMvc.perform(MockMvc.java:201)\nuk.gov.companieshouse.accounts.user.controller.ControllerAdviceTest.testOnInternalServerError(ControllerAdviceTest.java:64)\njava.base/jdk.internal.reflect.DirectMethodHandleAccessor.invoke(DirectMethodHandleAccessor.java:103)\njava.base/java.lang.reflect.Method.invoke(Method.java:580)\norg.junit.platform.commons.util.ReflectionUtils.invokeMethod(ReflectionUtils.java:728)\norg.junit.jupiter.engine.execution.MethodInvocation.proceed(MethodInvocation.java:60)\norg.junit.jupiter.engine.execution.InvocationInterceptorChain$ValidatingInvocation.proceed(InvocationInterceptorChain.java:131)\norg.junit.jupiter.engine.extension.TimeoutExtension.intercept(TimeoutExtension.java:156)\norg.junit.jupiter.engine.extension.TimeoutExtension.interceptTestableMethod(TimeoutExtension.java:147)\norg.junit.jupiter.engine.extension.TimeoutExtension.interceptTestMethod(TimeoutExtension.java:86)\norg.junit.jupiter.engine.execution.InterceptingExecutableInvoker$ReflectiveInterceptorCall.lambda$ofVoidMethod$0(InterceptingExecutableInvoker.java:103)\norg.junit.jupiter.engine.execution.InterceptingExecutableInvoker.lambda$invoke$0(InterceptingExecutableInvoker.java:93)\norg.junit.jupiter.engine.execution.InvocationInterceptorChain$InterceptedInvocation.proceed(InvocationInterceptorChain.java:106)\norg.junit.jupiter.engine.execution.InvocationInterceptorChain.proceed(InvocationInterceptorChain.java:64)\norg.junit.jupiter.engine.execution.InvocationInterceptorChain.chainAndInvoke(InvocationInterceptorChain.java:45)\norg.junit.jupiter.engine.execution.InvocationInterceptorChain.invoke(InvocationInterceptorChain.java:37)\norg.junit.jupiter.engine.execution.InterceptingExecutableInvoker.invoke(InterceptingExecutableInvoker.java:92)\norg.junit.jupiter.engine.execution.InterceptingExecutableInvoker.invoke(InterceptingExecutableInvoker.java:86)\norg.junit.jupiter.engine.descriptor.TestMethodTestDescriptor.lambda$invokeTestMethod$7(TestMethodTestDescriptor.java:218)\norg.junit.platform.engine.support.hierarchical.ThrowableCollector.execute(ThrowableCollector.java:73)\norg.junit.jupiter.engine.descriptor.TestMethodTestDescriptor.invokeTestMethod(TestMethodTestDescriptor.java:214)\norg.junit.jupiter.engine.descriptor.TestMethodTestDescriptor.execute(TestMethodTestDescriptor.java:139)\norg.junit.jupiter.engine.descriptor.TestMethodTestDescriptor.execute(TestMethodTestDescriptor.java:69)\norg.junit.platform.engine.support.hierarchical.NodeTestTask.lambda$executeRecursively$6(NodeTestTask.java:151)\norg.junit.platform.engine.support.hierarchical.ThrowableCollector.execute(ThrowableCollector.java:73)\norg.junit.platform.engine.support.hierarchical.NodeTestTask.lambda$executeRecursively$8(NodeTestTask.java:141)\norg.junit.platform.engine.support.hierarchical.Node.around(Node.java:137)\norg.junit.platform.engine.support.hierarchical.NodeTestTask.lambda$executeRecursively$9(NodeTestTask.java:139)\norg.junit.platform.engine.support.hierarchical.ThrowableCollector.execute(ThrowableCollector.java:73)\norg.junit.platform.engine.support.hierarchical.NodeTestTask.executeRecursively(NodeTestTask.java:138)\norg.junit.platform.engine.support.hierarchical.NodeTestTask.execute(NodeTestTask.java:95)\njava.base/java.util.ArrayList.forEach(ArrayList.java:1596)\norg.junit.platform.engine.support.hierarchical.SameThreadHierarchicalTestExecutorService.invokeAll(SameThreadHierarchicalTestExecutorService.java:41)\norg.junit.platform.engine.support.hierarchical.NodeTestTask.lambda$executeRecursively$6(NodeTestTask.java:155)\norg.junit.platform.engine.support.hierarchical.ThrowableCollector.execute(ThrowableCollector.java:73)\norg.junit.platform.engine.support.hierarchical.NodeTestTask.lambda$executeRecursively$8(NodeTestTask.java:141)\norg.junit.platform.engine.support.hierarchical.Node.around(Node.java:137)\norg.junit.platform.engine.support.hierarchical.NodeTestTask.lambda$executeRecursively$9(NodeTestTask.java:139)\norg.junit.platform.engine.support.hierarchical.ThrowableCollector.execute(ThrowableCollector.java:73)\norg.junit.platform.engine.support.hierarchical.NodeTestTask.executeRecursively(NodeTestTask.java:138)\norg.junit.platform.engine.support.hierarchical.NodeTestTask.execute(NodeTestTask.java:95)\njava.base/java.util.ArrayList.forEach(ArrayList.java:1596)\norg.junit.platform.engine.support.hierarchical.SameThreadHierarchicalTestExecutorService.invokeAll(SameThreadHierarchicalTestExecutorService.java:41)\norg.junit.platform.engine.support.hierarchical.NodeTestTask.lambda$executeRecursively$6(NodeTestTask.java:155)\norg.junit.platform.engine.support.hierarchical.ThrowableCollector.execute(ThrowableCollector.java:73)\norg.junit.platform.engine.support.hierarchical.NodeTestTask.lambda$executeRecursively$8(NodeTestTask.java:141)\norg.junit.platform.engine.support.hierarchical.Node.around(Node.java:137)\norg.junit.platform.engine.support.hierarchical.NodeTestTask.lambda$executeRecursively$9(NodeTestTask.java:139)\norg.junit.platform.engine.support.hierarchical.ThrowableCollector.execute(ThrowableCollector.java:73)\norg.junit.platform.engine.support.hierarchical.NodeTestTask.executeRecursively(NodeTestTask.java:138)\norg.junit.platform.engine.support.hierarchical.NodeTestTask.execute(NodeTestTask.java:95)\norg.junit.platform.engine.support.hierarchical.SameThreadHierarchicalTestExecutorService.submit(SameThreadHierarchicalTestExecutorService.java:35)\norg.junit.platform.engine.support.hierarchical.HierarchicalTestExecutor.execute(HierarchicalTestExecutor.java:57)\norg.junit.platform.engine.support.hierarchical.HierarchicalTestEngine.execute(HierarchicalTestEngine.java:54)\norg.junit.platform.launcher.core.EngineExecutionOrchestrator.execute(EngineExecutionOrchestrator.java:198)\norg.junit.platform.launcher.core.EngineExecutionOrchestrator.execute(EngineExecutionOrchestrator.java:169)\norg.junit.platform.launcher.core.EngineExecutionOrchestrator.execute(EngineExecutionOrchestrator.java:93)\norg.junit.platform.launcher.core.EngineExecutionOrchestrator.lambda$execute$0(EngineExecutionOrchestrator.java:58)\norg.junit.platform.launcher.core.EngineExecutionOrchestrator.withInterceptedStreams(EngineExecutionOrchestrator.java:141)\norg.junit.platform.launcher.core.EngineExecutionOrchestrator.execute(EngineExecutionOrchestrator.java:57)\norg.junit.platform.launcher.core.DefaultLauncher.execute(DefaultLauncher.java:103)\norg.junit.platform.launcher.core.DefaultLauncher.execute(DefaultLauncher.java:85)\norg.junit.platform.launcher.core.DelegatingLauncher.execute(DelegatingLauncher.java:47)\norg.apache.maven.surefire.junitplatform.LazyLauncher.execute(LazyLauncher.java:56)\norg.apache.maven.surefire.junitplatform.JUnitPlatformProvider.execute(JUnitPlatformProvider.java:184)\norg.apache.maven.surefire.junitplatform.JUnitPlatformProvider.invokeAllTests(JUnitPlatformProvider.java:148)\norg.apache.maven.surefire.junitplatform.JUnitPlatformProvider.invoke(JUnitPlatformProvider.java:122)\norg.apache.maven.surefire.booter.ForkedBooter.runSuitesInProcess(ForkedBooter.java:385)\norg.apache.maven.surefire.booter.ForkedBooter.execute(ForkedBooter.java:162)\norg.apache.maven.surefire.booter.ForkedBooter.run(ForkedBooter.java:507)\norg.apache.maven.surefire.booter.ForkedBooter.main(ForkedBooter.java:495)\n"}}]]></system-out>
  </testcase>
  <testcase name="testConstraintViolationError" classname="uk.gov.companieshouse.accounts.user.controller.ControllerAdviceTest" time="0.051">
    <system-out><![CDATA[
{"created":"2024-02-07T12:11:16.235Z","event":"error","context":"theId","data":{"message":"Validation Failed with [{\"errors\":[{\"error\":\"Please check the request and try again\",\"location\":\"accounts_user_api\",\"location_type\":\"request-body\",\"type\":\"ch:validation\"}]}]","error":"jakarta.validation.ConstraintViolationException: searchUserDetails.arg1[0].<list element>: must match \"^[\\w.]+@([\\w-]+\\.)+[\\w-]{2,4}$\"","stack_trace":"jakarta.validation.ConstraintViolationException: searchUserDetails.arg1[0].<list element>: must match \"^[\\w.]+@([\\w-]+\\.)+[\\w-]{2,4}$\"\norg.springframework.validation.beanvalidation.MethodValidationInterceptor.invoke(MethodValidationInterceptor.java:170)\norg.springframework.aop.framework.ReflectiveMethodInvocation.proceed(ReflectiveMethodInvocation.java:184)\norg.springframework.aop.framework.CglibAopProxy$CglibMethodInvocation.proceed(CglibAopProxy.java:765)\norg.springframework.aop.framework.CglibAopProxy$DynamicAdvisedInterceptor.intercept(CglibAopProxy.java:717)\nuk.gov.companieshouse.accounts.user.controller.FindUserBasedOnEmailController$$SpringCGLIB$$0.searchUserDetails(<generated>)\njava.base/jdk.internal.reflect.DirectMethodHandleAccessor.invoke(DirectMethodHandleAccessor.java:103)\njava.base/java.lang.reflect.Method.invoke(Method.java:580)\norg.springframework.web.method.support.InvocableHandlerMethod.doInvoke(InvocableHandlerMethod.java:261)\norg.springframework.web.method.support.InvocableHandlerMethod.invokeForRequest(InvocableHandlerMethod.java:189)\norg.springframework.web.servlet.mvc.method.annotation.ServletInvocableHandlerMethod.invokeAndHandle(ServletInvocableHandlerMethod.java:118)\norg.springframework.web.servlet.mvc.method.annotation.RequestMappingHandlerAdapter.invokeHandlerMethod(RequestMappingHandlerAdapter.java:917)\norg.springframework.web.servlet.mvc.method.annotation.RequestMappingHandlerAdapter.handleInternal(RequestMappingHandlerAdapter.java:829)\norg.springframework.web.servlet.mvc.method.AbstractHandlerMethodAdapter.handle(AbstractHandlerMethodAdapter.java:87)\norg.springframework.web.servlet.DispatcherServlet.doDispatch(DispatcherServlet.java:1089)\norg.springframework.web.servlet.DispatcherServlet.doService(DispatcherServlet.java:979)\norg.springframework.web.servlet.FrameworkServlet.processRequest(FrameworkServlet.java:1014)\norg.springframework.web.servlet.FrameworkServlet.doGet(FrameworkServlet.java:903)\njakarta.servlet.http.HttpServlet.service(HttpServlet.java:564)\norg.springframework.web.servlet.FrameworkServlet.service(FrameworkServlet.java:885)\norg.springframework.test.web.servlet.TestDispatcherServlet.service(TestDispatcherServlet.java:72)\njakarta.servlet.http.HttpServlet.service(HttpServlet.java:658)\norg.springframework.mock.web.MockFilterChain$ServletFilterProxy.doFilter(MockFilterChain.java:165)\norg.springframework.mock.web.MockFilterChain.doFilter(MockFilterChain.java:132)\norg.springframework.web.filter.RequestContextFilter.doFilterInternal(RequestContextFilter.java:100)\norg.springframework.web.filter.OncePerRequestFilter.doFilter(OncePerRequestFilter.java:116)\norg.springframework.test.web.servlet.setup.MockMvcFilterDecorator.doFilter(MockMvcFilterDecorator.java:151)\norg.springframework.mock.web.MockFilterChain.doFilter(MockFilterChain.java:132)\norg.springframework.web.filter.FormContentFilter.doFilterInternal(FormContentFilter.java:93)\norg.springframework.web.filter.OncePerRequestFilter.doFilter(OncePerRequestFilter.java:116)\norg.springframework.test.web.servlet.setup.MockMvcFilterDecorator.doFilter(MockMvcFilterDecorator.java:151)\norg.springframework.mock.web.MockFilterChain.doFilter(MockFilterChain.java:132)\norg.springframework.web.filter.CharacterEncodingFilter.doFilterInternal(CharacterEncodingFilter.java:201)\norg.springframework.web.filter.OncePerRequestFilter.doFilter(OncePerRequestFilter.java:116)\norg.springframework.test.web.servlet.setup.MockMvcFilterDecorator.doFilter(MockMvcFilterDecorator.java:151)\norg.springframework.mock.web.MockFilterChain.doFilter(MockFilterChain.java:132)\norg.springframework.test.web.servlet.MockMvc.perform(MockMvc.java:201)\nuk.gov.companieshouse.accounts.user.controller.ControllerAdviceTest.testConstraintViolationError(ControllerAdviceTest.java:56)\njava.base/jdk.internal.reflect.DirectMethodHandleAccessor.invoke(DirectMethodHandleAccessor.java:103)\njava.base/java.lang.reflect.Method.invoke(Method.java:580)\norg.junit.platform.commons.util.ReflectionUtils.invokeMethod(ReflectionUtils.java:728)\norg.junit.jupiter.engine.execution.MethodInvocation.proceed(MethodInvocation.java:60)\norg.junit.jupiter.engine.execution.InvocationInterceptorChain$ValidatingInvocation.proceed(InvocationInterceptorChain.java:131)\norg.junit.jupiter.engine.extension.TimeoutExtension.intercept(TimeoutExtension.java:156)\norg.junit.jupiter.engine.extension.TimeoutExtension.interceptTestableMethod(TimeoutExtension.java:147)\norg.junit.jupiter.engine.extension.TimeoutExtension.interceptTestMethod(TimeoutExtension.java:86)\norg.junit.jupiter.engine.execution.InterceptingExecutableInvoker$ReflectiveInterceptorCall.lambda$ofVoidMethod$0(InterceptingExecutableInvoker.java:103)\norg.junit.jupiter.engine.execution.InterceptingExecutableInvoker.lambda$invoke$0(InterceptingExecutableInvoker.java:93)\norg.junit.jupiter.engine.execution.InvocationInterceptorChain$InterceptedInvocation.proceed(InvocationInterceptorChain.java:106)\norg.junit.jupiter.engine.execution.InvocationInterceptorChain.proceed(InvocationInterceptorChain.java:64)\norg.junit.jupiter.engine.execution.InvocationInterceptorChain.chainAndInvoke(InvocationInterceptorChain.java:45)\norg.junit.jupiter.engine.execution.InvocationInterceptorChain.invoke(InvocationInterceptorChain.java:37)\norg.junit.jupiter.engine.execution.InterceptingExecutableInvoker.invoke(InterceptingExecutableInvoker.java:92)\norg.junit.jupiter.engine.execution.InterceptingExecutableInvoker.invoke(InterceptingExecutableInvoker.java:86)\norg.junit.jupiter.engine.descriptor.TestMethodTestDescriptor.lambda$invokeTestMethod$7(TestMethodTestDescriptor.java:218)\norg.junit.platform.engine.support.hierarchical.ThrowableCollector.execute(ThrowableCollector.java:73)\norg.junit.jupiter.engine.descriptor.TestMethodTestDescriptor.invokeTestMethod(TestMethodTestDescriptor.java:214)\norg.junit.jupiter.engine.descriptor.TestMethodTestDescriptor.execute(TestMethodTestDescriptor.java:139)\norg.junit.jupiter.engine.descriptor.TestMethodTestDescriptor.execute(TestMethodTestDescriptor.java:69)\norg.junit.platform.engine.support.hierarchical.NodeTestTask.lambda$executeRecursively$6(NodeTestTask.java:151)\norg.junit.platform.engine.support.hierarchical.ThrowableCollector.execute(ThrowableCollector.java:73)\norg.junit.platform.engine.support.hierarchical.NodeTestTask.lambda$executeRecursively$8(NodeTestTask.java:141)\norg.junit.platform.engine.support.hierarchical.Node.around(Node.java:137)\norg.junit.platform.engine.support.hierarchical.NodeTestTask.lambda$executeRecursively$9(NodeTestTask.java:139)\norg.junit.platform.engine.support.hierarchical.ThrowableCollector.execute(ThrowableCollector.java:73)\norg.junit.platform.engine.support.hierarchical.NodeTestTask.executeRecursively(NodeTestTask.java:138)\norg.junit.platform.engine.support.hierarchical.NodeTestTask.execute(NodeTestTask.java:95)\njava.base/java.util.ArrayList.forEach(ArrayList.java:1596)\norg.junit.platform.engine.support.hierarchical.SameThreadHierarchicalTestExecutorService.invokeAll(SameThreadHierarchicalTestExecutorService.java:41)\norg.junit.platform.engine.support.hierarchical.NodeTestTask.lambda$executeRecursively$6(NodeTestTask.java:155)\norg.junit.platform.engine.support.hierarchical.ThrowableCollector.execute(ThrowableCollector.java:73)\norg.junit.platform.engine.support.hierarchical.NodeTestTask.lambda$executeRecursively$8(NodeTestTask.java:141)\norg.junit.platform.engine.support.hierarchical.Node.around(Node.java:137)\norg.junit.platform.engine.support.hierarchical.NodeTestTask.lambda$executeRecursively$9(NodeTestTask.java:139)\norg.junit.platform.engine.support.hierarchical.ThrowableCollector.execute(ThrowableCollector.java:73)\norg.junit.platform.engine.support.hierarchical.NodeTestTask.executeRecursively(NodeTestTask.java:138)\norg.junit.platform.engine.support.hierarchical.NodeTestTask.execute(NodeTestTask.java:95)\njava.base/java.util.ArrayList.forEach(ArrayList.java:1596)\norg.junit.platform.engine.support.hierarchical.SameThreadHierarchicalTestExecutorService.invokeAll(SameThreadHierarchicalTestExecutorService.java:41)\norg.junit.platform.engine.support.hierarchical.NodeTestTask.lambda$executeRecursively$6(NodeTestTask.java:155)\norg.junit.platform.engine.support.hierarchical.ThrowableCollector.execute(ThrowableCollector.java:73)\norg.junit.platform.engine.support.hierarchical.NodeTestTask.lambda$executeRecursively$8(NodeTestTask.java:141)\norg.junit.platform.engine.support.hierarchical.Node.around(Node.java:137)\norg.junit.platform.engine.support.hierarchical.NodeTestTask.lambda$executeRecursively$9(NodeTestTask.java:139)\norg.junit.platform.engine.support.hierarchical.ThrowableCollector.execute(ThrowableCollector.java:73)\norg.junit.platform.engine.support.hierarchical.NodeTestTask.executeRecursively(NodeTestTask.java:138)\norg.junit.platform.engine.support.hierarchical.NodeTestTask.execute(NodeTestTask.java:95)\norg.junit.platform.engine.support.hierarchical.SameThreadHierarchicalTestExecutorService.submit(SameThreadHierarchicalTestExecutorService.java:35)\norg.junit.platform.engine.support.hierarchical.HierarchicalTestExecutor.execute(HierarchicalTestExecutor.java:57)\norg.junit.platform.engine.support.hierarchical.HierarchicalTestEngine.execute(HierarchicalTestEngine.java:54)\norg.junit.platform.launcher.core.EngineExecutionOrchestrator.execute(EngineExecutionOrchestrator.java:198)\norg.junit.platform.launcher.core.EngineExecutionOrchestrator.execute(EngineExecutionOrchestrator.java:169)\norg.junit.platform.launcher.core.EngineExecutionOrchestrator.execute(EngineExecutionOrchestrator.java:93)\norg.junit.platform.launcher.core.EngineExecutionOrchestrator.lambda$execute$0(EngineExecutionOrchestrator.java:58)\norg.junit.platform.launcher.core.EngineExecutionOrchestrator.withInterceptedStreams(EngineExecutionOrchestrator.java:141)\norg.junit.platform.launcher.core.EngineExecutionOrchestrator.execute(EngineExecutionOrchestrator.java:57)\norg.junit.platform.launcher.core.DefaultLauncher.execute(DefaultLauncher.java:103)\norg.junit.platform.launcher.core.DefaultLauncher.execute(DefaultLauncher.java:85)\norg.junit.platform.launcher.core.DelegatingLauncher.execute(DelegatingLauncher.java:47)\norg.apache.maven.surefire.junitplatform.LazyLauncher.execute(LazyLauncher.java:56)\norg.apache.maven.surefire.junitplatform.JUnitPlatformProvider.execute(JUnitPlatformProvider.java:184)\norg.apache.maven.surefire.junitplatform.JUnitPlatformProvider.invokeAllTests(JUnitPlatformProvider.java:148)\norg.apache.maven.surefire.junitplatform.JUnitPlatformProvider.invoke(JUnitPlatformProvider.java:122)\norg.apache.maven.surefire.booter.ForkedBooter.runSuitesInProcess(ForkedBooter.java:385)\norg.apache.maven.surefire.booter.ForkedBooter.execute(ForkedBooter.java:162)\norg.apache.maven.surefire.booter.ForkedBooter.run(ForkedBooter.java:507)\norg.apache.maven.surefire.booter.ForkedBooter.main(ForkedBooter.java:495)\n"}}]]></system-out>
  </testcase>
  <testcase name="testNotFoundRuntimeError" classname="uk.gov.companieshouse.accounts.user.controller.ControllerAdviceTest" time="0.005">
    <system-out><![CDATA[
{"created":"2024-02-07T12:11:16.254Z","event":"debug","data":{"message":"theId: Attempting to search for the details of these users: jessica.simpson@hollywood.com"}}
{"created":"2024-02-07T12:11:16.255Z","event":"error","context":"theId","data":{"query-parameters":"?user_email=jessica.simpson@hollywood.com","message":"Couldn't find users","url":"http://localhost/users/search"}}]]></system-out>
  </testcase>
  <testcase name="testBadRequestRuntimeError" classname="uk.gov.companieshouse.accounts.user.controller.ControllerAdviceTest" time="0.003">
    <system-out><![CDATA[
{"created":"2024-02-07T12:11:16.259Z","event":"error","data":{"message":"theId: No emails were provided."}}
{"created":"2024-02-07T12:11:16.259Z","event":"error","context":"theId","data":{"query-parameters":"","message":"Please check the request and try again","url":"http://localhost/users/search"}}]]></system-out>
  </testcase>
</testsuite>