-------------------------------------------------------------------------------
Test set: uk.gov.companieshouse.accounts.user.controller.FindRolesBasedOnUserIDControllerTest
-------------------------------------------------------------------------------
Tests run: 5, Failures: 5, Errors: 0, Skipped: 0, Time elapsed: 0.170 s <<< FAILURE! -- in uk.gov.companieshouse.accounts.user.controller.FindRolesBasedOnUserIDControllerTest
uk.gov.companieshouse.accounts.user.controller.FindRolesBasedOnUserIDControllerTest.getUserRolesWithMalformedUserIDReturnsEmptyList -- Time elapsed: 0.015 s <<< FAILURE!
java.lang.AssertionError: Status expected:<404> but was:<204>
	at org.springframework.test.util.AssertionErrors.fail(AssertionErrors.java:59)
	at org.springframework.test.util.AssertionErrors.assertEquals(AssertionErrors.java:122)
	at org.springframework.test.web.servlet.result.StatusResultMatchers.lambda$matcher$9(StatusResultMatchers.java:637)
	at org.springframework.test.web.servlet.MockMvc$1.andExpect(MockMvc.java:214)
	at uk.gov.companieshouse.accounts.user.controller.FindRolesBasedOnUserIDControllerTest.getUserRolesWithMalformedUserIDReturnsEmptyList(FindRolesBasedOnUserIDControllerTest.java:83)
	at java.base/java.lang.reflect.Method.invoke(Method.java:580)
	at java.base/java.util.ArrayList.forEach(ArrayList.java:1596)
	at java.base/java.util.ArrayList.forEach(ArrayList.java:1596)

uk.gov.companieshouse.accounts.user.controller.FindRolesBasedOnUserIDControllerTest.getUserRolesWithNonexistentUserIDReturnsNotFound -- Time elapsed: 0.003 s <<< FAILURE!
java.lang.AssertionError: Status expected:<404> but was:<204>
	at org.springframework.test.util.AssertionErrors.fail(AssertionErrors.java:59)
	at org.springframework.test.util.AssertionErrors.assertEquals(AssertionErrors.java:122)
	at org.springframework.test.web.servlet.result.StatusResultMatchers.lambda$matcher$9(StatusResultMatchers.java:637)
	at org.springframework.test.web.servlet.MockMvc$1.andExpect(MockMvc.java:214)
	at uk.gov.companieshouse.accounts.user.controller.FindRolesBasedOnUserIDControllerTest.getUserRolesWithNonexistentUserIDReturnsNotFound(FindRolesBasedOnUserIDControllerTest.java:88)
	at java.base/java.lang.reflect.Method.invoke(Method.java:580)
	at java.base/java.util.ArrayList.forEach(ArrayList.java:1596)
	at java.base/java.util.ArrayList.forEach(ArrayList.java:1596)

uk.gov.companieshouse.accounts.user.controller.FindRolesBasedOnUserIDControllerTest.getUserRolesWithOneUserIdReturnsMultipleRoles -- Time elapsed: 0.004 s <<< FAILURE!
java.lang.AssertionError: Status expected:<200> but was:<204>
	at org.springframework.test.util.AssertionErrors.fail(AssertionErrors.java:59)
	at org.springframework.test.util.AssertionErrors.assertEquals(AssertionErrors.java:122)
	at org.springframework.test.web.servlet.result.StatusResultMatchers.lambda$matcher$9(StatusResultMatchers.java:637)
	at org.springframework.test.web.servlet.MockMvc$1.andExpect(MockMvc.java:214)
	at uk.gov.companieshouse.accounts.user.controller.FindRolesBasedOnUserIDControllerTest.getUserRolesWithOneUserIdReturnsMultipleRoles(FindRolesBasedOnUserIDControllerTest.java:117)
	at java.base/java.lang.reflect.Method.invoke(Method.java:580)
	at java.base/java.util.ArrayList.forEach(ArrayList.java:1596)
	at java.base/java.util.ArrayList.forEach(ArrayList.java:1596)

uk.gov.companieshouse.accounts.user.controller.FindRolesBasedOnUserIDControllerTest.getUserRolesWithMissingParamsReturnsNotFound -- Time elapsed: 0.003 s <<< FAILURE!
java.lang.AssertionError: Status expected:<404> but was:<204>
	at org.springframework.test.util.AssertionErrors.fail(AssertionErrors.java:59)
	at org.springframework.test.util.AssertionErrors.assertEquals(AssertionErrors.java:122)
	at org.springframework.test.web.servlet.result.StatusResultMatchers.lambda$matcher$9(StatusResultMatchers.java:637)
	at org.springframework.test.web.servlet.MockMvc$1.andExpect(MockMvc.java:214)
	at uk.gov.companieshouse.accounts.user.controller.FindRolesBasedOnUserIDControllerTest.getUserRolesWithMissingParamsReturnsNotFound(FindRolesBasedOnUserIDControllerTest.java:74)
	at java.base/java.lang.reflect.Method.invoke(Method.java:580)
	at java.base/java.util.ArrayList.forEach(ArrayList.java:1596)
	at java.base/java.util.ArrayList.forEach(ArrayList.java:1596)

uk.gov.companieshouse.accounts.user.controller.FindRolesBasedOnUserIDControllerTest.getUserRolesWithOneUserIdReturnsOneRole -- Time elapsed: 0.012 s <<< FAILURE!
java.lang.AssertionError: Status expected:<200> but was:<500>
	at org.springframework.test.util.AssertionErrors.fail(AssertionErrors.java:59)
	at org.springframework.test.util.AssertionErrors.assertEquals(AssertionErrors.java:122)
	at org.springframework.test.web.servlet.result.StatusResultMatchers.lambda$matcher$9(StatusResultMatchers.java:637)
	at org.springframework.test.web.servlet.MockMvc$1.andExpect(MockMvc.java:214)
	at uk.gov.companieshouse.accounts.user.controller.FindRolesBasedOnUserIDControllerTest.getUserRolesWithOneUserIdReturnsOneRole(FindRolesBasedOnUserIDControllerTest.java:98)
	at java.base/java.lang.reflect.Method.invoke(Method.java:580)
	at java.base/java.util.ArrayList.forEach(ArrayList.java:1596)
	at java.base/java.util.ArrayList.forEach(ArrayList.java:1596)

